The system is: Linux - 4.4.0-18362-Microsoft - x86_64
Compiling the C compiler identification source file "CMakeCCompilerId.c" succeeded.
Compiler: /usr/bin/cc 
Build flags: 
Id flags:  

The output was:
0


Compilation of the C compiler identification source "CMakeCCompilerId.c" produced "a.out"

The C compiler identification is GNU, found in "/mnt/d/Github/jerryscript/example_build/CMakeFiles/3.16.3/CompilerIdC/a.out"

Determining if the C compiler works passed with the following output:
Change Dir: /mnt/d/Github/jerryscript/example_build/CMakeFiles/CMakeTmp

Run Build Command(s):/usr/bin/make cmTC_d11af/fast && /usr/bin/make -f CMakeFiles/cmTC_d11af.dir/build.make CMakeFiles/cmTC_d11af.dir/build
make[1]: Entering directory '/mnt/d/Github/jerryscript/example_build/CMakeFiles/CMakeTmp'
Building C object CMakeFiles/cmTC_d11af.dir/testCCompiler.c.o
/usr/bin/cc    -o CMakeFiles/cmTC_d11af.dir/testCCompiler.c.o   -c /mnt/d/Github/jerryscript/example_build/CMakeFiles/CMakeTmp/testCCompiler.c
Linking C executable cmTC_d11af
/usr/bin/cmake -E cmake_link_script CMakeFiles/cmTC_d11af.dir/link.txt --verbose=1
/usr/bin/cc      -rdynamic CMakeFiles/cmTC_d11af.dir/testCCompiler.c.o  -o cmTC_d11af 
make[1]: Leaving directory '/mnt/d/Github/jerryscript/example_build/CMakeFiles/CMakeTmp'



Detecting C compiler ABI info compiled with the following output:
Change Dir: /mnt/d/Github/jerryscript/example_build/CMakeFiles/CMakeTmp

Run Build Command(s):/usr/bin/make cmTC_c1d0a/fast && /usr/bin/make -f CMakeFiles/cmTC_c1d0a.dir/build.make CMakeFiles/cmTC_c1d0a.dir/build
make[1]: Entering directory '/mnt/d/Github/jerryscript/example_build/CMakeFiles/CMakeTmp'
Building C object CMakeFiles/cmTC_c1d0a.dir/CMakeCCompilerABI.c.o
/usr/bin/cc   -v -o CMakeFiles/cmTC_c1d0a.dir/CMakeCCompilerABI.c.o   -c /usr/share/cmake-3.16/Modules/CMakeCCompilerABI.c
Using built-in specs.
COLLECT_GCC=/usr/bin/cc
OFFLOAD_TARGET_NAMES=nvptx-none:hsa
OFFLOAD_TARGET_DEFAULT=1
Target: x86_64-linux-gnu
Configured with: ../src/configure -v --with-pkgversion='Debian 9.2.1-19' --with-bugurl=file:///usr/share/doc/gcc-9/README.Bugs --enable-languages=c,ada,c++,go,brig,d,fortran,objc,obj-c++,gm2 --prefix=/usr --with-gcc-major-version-only --program-suffix=-9 --program-prefix=x86_64-linux-gnu- --enable-shared --enable-linker-build-id --libexecdir=/usr/lib --without-included-gettext --enable-threads=posix --libdir=/usr/lib --enable-nls --enable-bootstrap --enable-clocale=gnu --enable-libstdcxx-debug --enable-libstdcxx-time=yes --with-default-libstdcxx-abi=new --enable-gnu-unique-object --disable-vtable-verify --enable-plugin --enable-default-pie --with-system-zlib --with-target-system-zlib=auto --enable-objc-gc=auto --enable-multiarch --disable-werror --with-arch-32=i686 --with-abi=m64 --with-multilib-list=m32,m64,mx32 --enable-multilib --with-tune=generic --enable-offload-targets=nvptx-none,hsa --without-cuda-driver --enable-checking=release --build=x86_64-linux-gnu --host=x86_64-linux-gnu --target=x86_64-linux-gnu
Thread model: posix
gcc version 9.2.1 20191109 (Debian 9.2.1-19) 
COLLECT_GCC_OPTIONS='-v' '-o' 'CMakeFiles/cmTC_c1d0a.dir/CMakeCCompilerABI.c.o' '-c' '-mtune=generic' '-march=x86-64'
 /usr/lib/gcc/x86_64-linux-gnu/9/cc1 -quiet -v -imultiarch x86_64-linux-gnu /usr/share/cmake-3.16/Modules/CMakeCCompilerABI.c -quiet -dumpbase CMakeCCompilerABI.c -mtune=generic -march=x86-64 -auxbase-strip CMakeFiles/cmTC_c1d0a.dir/CMakeCCompilerABI.c.o -version -fasynchronous-unwind-tables -o /tmp/ccOo8MGV.s
GNU C17 (Debian 9.2.1-19) version 9.2.1 20191109 (x86_64-linux-gnu)
	compiled by GNU C version 9.2.1 20191109, GMP version 6.1.2, MPFR version 4.0.2, MPC version 1.1.0, isl version isl-0.21-GMP

GGC heuristics: --param ggc-min-expand=100 --param ggc-min-heapsize=131072
ignoring nonexistent directory "/usr/local/include/x86_64-linux-gnu"
ignoring nonexistent directory "/usr/lib/gcc/x86_64-linux-gnu/9/../../../../x86_64-linux-gnu/include"
#include "..." search starts here:
#include <...> search starts here:
 /usr/lib/gcc/x86_64-linux-gnu/9/include
 /usr/local/include
 /usr/lib/gcc/x86_64-linux-gnu/9/include-fixed
 /usr/include/x86_64-linux-gnu
 /usr/include
End of search list.
GNU C17 (Debian 9.2.1-19) version 9.2.1 20191109 (x86_64-linux-gnu)
	compiled by GNU C version 9.2.1 20191109, GMP version 6.1.2, MPFR version 4.0.2, MPC version 1.1.0, isl version isl-0.21-GMP

GGC heuristics: --param ggc-min-expand=100 --param ggc-min-heapsize=131072
Compiler executable checksum: 82a550e49161fce4f50c55b36bec380f
COLLECT_GCC_OPTIONS='-v' '-o' 'CMakeFiles/cmTC_c1d0a.dir/CMakeCCompilerABI.c.o' '-c' '-mtune=generic' '-march=x86-64'
 as -v --64 -o CMakeFiles/cmTC_c1d0a.dir/CMakeCCompilerABI.c.o /tmp/ccOo8MGV.s
GNU assembler version 2.33.1 (x86_64-linux-gnu) using BFD version (GNU Binutils for Debian) 2.33.1
COMPILER_PATH=/usr/lib/gcc/x86_64-linux-gnu/9/:/usr/lib/gcc/x86_64-linux-gnu/9/:/usr/lib/gcc/x86_64-linux-gnu/:/usr/lib/gcc/x86_64-linux-gnu/9/:/usr/lib/gcc/x86_64-linux-gnu/
LIBRARY_PATH=/usr/lib/gcc/x86_64-linux-gnu/9/:/usr/lib/gcc/x86_64-linux-gnu/9/../../../x86_64-linux-gnu/:/usr/lib/gcc/x86_64-linux-gnu/9/../../../../lib/:/lib/x86_64-linux-gnu/:/lib/../lib/:/usr/lib/x86_64-linux-gnu/:/usr/lib/../lib/:/usr/lib/gcc/x86_64-linux-gnu/9/../../../:/lib/:/usr/lib/
COLLECT_GCC_OPTIONS='-v' '-o' 'CMakeFiles/cmTC_c1d0a.dir/CMakeCCompilerABI.c.o' '-c' '-mtune=generic' '-march=x86-64'
Linking C executable cmTC_c1d0a
/usr/bin/cmake -E cmake_link_script CMakeFiles/cmTC_c1d0a.dir/link.txt --verbose=1
/usr/bin/cc     -v -rdynamic CMakeFiles/cmTC_c1d0a.dir/CMakeCCompilerABI.c.o  -o cmTC_c1d0a 
Using built-in specs.
COLLECT_GCC=/usr/bin/cc
COLLECT_LTO_WRAPPER=/usr/lib/gcc/x86_64-linux-gnu/9/lto-wrapper
OFFLOAD_TARGET_NAMES=nvptx-none:hsa
OFFLOAD_TARGET_DEFAULT=1
Target: x86_64-linux-gnu
Configured with: ../src/configure -v --with-pkgversion='Debian 9.2.1-19' --with-bugurl=file:///usr/share/doc/gcc-9/README.Bugs --enable-languages=c,ada,c++,go,brig,d,fortran,objc,obj-c++,gm2 --prefix=/usr --with-gcc-major-version-only --program-suffix=-9 --program-prefix=x86_64-linux-gnu- --enable-shared --enable-linker-build-id --libexecdir=/usr/lib --without-included-gettext --enable-threads=posix --libdir=/usr/lib --enable-nls --enable-bootstrap --enable-clocale=gnu --enable-libstdcxx-debug --enable-libstdcxx-time=yes --with-default-libstdcxx-abi=new --enable-gnu-unique-object --disable-vtable-verify --enable-plugin --enable-default-pie --with-system-zlib --with-target-system-zlib=auto --enable-objc-gc=auto --enable-multiarch --disable-werror --with-arch-32=i686 --with-abi=m64 --with-multilib-list=m32,m64,mx32 --enable-multilib --with-tune=generic --enable-offload-targets=nvptx-none,hsa --without-cuda-driver --enable-checking=release --build=x86_64-linux-gnu --host=x86_64-linux-gnu --target=x86_64-linux-gnu
Thread model: posix
gcc version 9.2.1 20191109 (Debian 9.2.1-19) 
COMPILER_PATH=/usr/lib/gcc/x86_64-linux-gnu/9/:/usr/lib/gcc/x86_64-linux-gnu/9/:/usr/lib/gcc/x86_64-linux-gnu/:/usr/lib/gcc/x86_64-linux-gnu/9/:/usr/lib/gcc/x86_64-linux-gnu/
LIBRARY_PATH=/usr/lib/gcc/x86_64-linux-gnu/9/:/usr/lib/gcc/x86_64-linux-gnu/9/../../../x86_64-linux-gnu/:/usr/lib/gcc/x86_64-linux-gnu/9/../../../../lib/:/lib/x86_64-linux-gnu/:/lib/../lib/:/usr/lib/x86_64-linux-gnu/:/usr/lib/../lib/:/usr/lib/gcc/x86_64-linux-gnu/9/../../../:/lib/:/usr/lib/
COLLECT_GCC_OPTIONS='-v' '-rdynamic' '-o' 'cmTC_c1d0a' '-mtune=generic' '-march=x86-64'
 /usr/lib/gcc/x86_64-linux-gnu/9/collect2 -plugin /usr/lib/gcc/x86_64-linux-gnu/9/liblto_plugin.so -plugin-opt=/usr/lib/gcc/x86_64-linux-gnu/9/lto-wrapper -plugin-opt=-fresolution=/tmp/ccCaSIcn.res -plugin-opt=-pass-through=-lgcc -plugin-opt=-pass-through=-lgcc_s -plugin-opt=-pass-through=-lc -plugin-opt=-pass-through=-lgcc -plugin-opt=-pass-through=-lgcc_s --build-id --eh-frame-hdr -m elf_x86_64 --hash-style=gnu --as-needed -export-dynamic -dynamic-linker /lib64/ld-linux-x86-64.so.2 -pie -o cmTC_c1d0a /usr/lib/gcc/x86_64-linux-gnu/9/../../../x86_64-linux-gnu/Scrt1.o /usr/lib/gcc/x86_64-linux-gnu/9/../../../x86_64-linux-gnu/crti.o /usr/lib/gcc/x86_64-linux-gnu/9/crtbeginS.o -L/usr/lib/gcc/x86_64-linux-gnu/9 -L/usr/lib/gcc/x86_64-linux-gnu/9/../../../x86_64-linux-gnu -L/usr/lib/gcc/x86_64-linux-gnu/9/../../../../lib -L/lib/x86_64-linux-gnu -L/lib/../lib -L/usr/lib/x86_64-linux-gnu -L/usr/lib/../lib -L/usr/lib/gcc/x86_64-linux-gnu/9/../../.. CMakeFiles/cmTC_c1d0a.dir/CMakeCCompilerABI.c.o -lgcc --push-state --as-needed -lgcc_s --pop-state -lc -lgcc --push-state --as-needed -lgcc_s --pop-state /usr/lib/gcc/x86_64-linux-gnu/9/crtendS.o /usr/lib/gcc/x86_64-linux-gnu/9/../../../x86_64-linux-gnu/crtn.o
COLLECT_GCC_OPTIONS='-v' '-rdynamic' '-o' 'cmTC_c1d0a' '-mtune=generic' '-march=x86-64'
make[1]: Leaving directory '/mnt/d/Github/jerryscript/example_build/CMakeFiles/CMakeTmp'



Parsed C implicit include dir info from above output: rv=done
  found start of include info
  found start of implicit include info
    add: [/usr/lib/gcc/x86_64-linux-gnu/9/include]
    add: [/usr/local/include]
    add: [/usr/lib/gcc/x86_64-linux-gnu/9/include-fixed]
    add: [/usr/include/x86_64-linux-gnu]
    add: [/usr/include]
  end of search list found
  collapse include dir [/usr/lib/gcc/x86_64-linux-gnu/9/include] ==> [/usr/lib/gcc/x86_64-linux-gnu/9/include]
  collapse include dir [/usr/local/include] ==> [/usr/local/include]
  collapse include dir [/usr/lib/gcc/x86_64-linux-gnu/9/include-fixed] ==> [/usr/lib/gcc/x86_64-linux-gnu/9/include-fixed]
  collapse include dir [/usr/include/x86_64-linux-gnu] ==> [/usr/include/x86_64-linux-gnu]
  collapse include dir [/usr/include] ==> [/usr/include]
  implicit include dirs: [/usr/lib/gcc/x86_64-linux-gnu/9/include;/usr/local/include;/usr/lib/gcc/x86_64-linux-gnu/9/include-fixed;/usr/include/x86_64-linux-gnu;/usr/include]


Parsed C implicit link information from above output:
  link line regex: [^( *|.*[/\])(ld|CMAKE_LINK_STARTFILE-NOTFOUND|([^/\]+-)?ld|collect2)[^/\]*( |$)]
  ignore line: [Change Dir: /mnt/d/Github/jerryscript/example_build/CMakeFiles/CMakeTmp]
  ignore line: []
  ignore line: [Run Build Command(s):/usr/bin/make cmTC_c1d0a/fast && /usr/bin/make -f CMakeFiles/cmTC_c1d0a.dir/build.make CMakeFiles/cmTC_c1d0a.dir/build]
  ignore line: [make[1]: Entering directory '/mnt/d/Github/jerryscript/example_build/CMakeFiles/CMakeTmp']
  ignore line: [Building C object CMakeFiles/cmTC_c1d0a.dir/CMakeCCompilerABI.c.o]
  ignore line: [/usr/bin/cc   -v -o CMakeFiles/cmTC_c1d0a.dir/CMakeCCompilerABI.c.o   -c /usr/share/cmake-3.16/Modules/CMakeCCompilerABI.c]
  ignore line: [Using built-in specs.]
  ignore line: [COLLECT_GCC=/usr/bin/cc]
  ignore line: [OFFLOAD_TARGET_NAMES=nvptx-none:hsa]
  ignore line: [OFFLOAD_TARGET_DEFAULT=1]
  ignore line: [Target: x86_64-linux-gnu]
  ignore line: [Configured with: ../src/configure -v --with-pkgversion='Debian 9.2.1-19' --with-bugurl=file:///usr/share/doc/gcc-9/README.Bugs --enable-languages=c ada c++ go brig d fortran objc obj-c++ gm2 --prefix=/usr --with-gcc-major-version-only --program-suffix=-9 --program-prefix=x86_64-linux-gnu- --enable-shared --enable-linker-build-id --libexecdir=/usr/lib --without-included-gettext --enable-threads=posix --libdir=/usr/lib --enable-nls --enable-bootstrap --enable-clocale=gnu --enable-libstdcxx-debug --enable-libstdcxx-time=yes --with-default-libstdcxx-abi=new --enable-gnu-unique-object --disable-vtable-verify --enable-plugin --enable-default-pie --with-system-zlib --with-target-system-zlib=auto --enable-objc-gc=auto --enable-multiarch --disable-werror --with-arch-32=i686 --with-abi=m64 --with-multilib-list=m32 m64 mx32 --enable-multilib --with-tune=generic --enable-offload-targets=nvptx-none hsa --without-cuda-driver --enable-checking=release --build=x86_64-linux-gnu --host=x86_64-linux-gnu --target=x86_64-linux-gnu]
  ignore line: [Thread model: posix]
  ignore line: [gcc version 9.2.1 20191109 (Debian 9.2.1-19) ]
  ignore line: [COLLECT_GCC_OPTIONS='-v' '-o' 'CMakeFiles/cmTC_c1d0a.dir/CMakeCCompilerABI.c.o' '-c' '-mtune=generic' '-march=x86-64']
  ignore line: [ /usr/lib/gcc/x86_64-linux-gnu/9/cc1 -quiet -v -imultiarch x86_64-linux-gnu /usr/share/cmake-3.16/Modules/CMakeCCompilerABI.c -quiet -dumpbase CMakeCCompilerABI.c -mtune=generic -march=x86-64 -auxbase-strip CMakeFiles/cmTC_c1d0a.dir/CMakeCCompilerABI.c.o -version -fasynchronous-unwind-tables -o /tmp/ccOo8MGV.s]
  ignore line: [GNU C17 (Debian 9.2.1-19) version 9.2.1 20191109 (x86_64-linux-gnu)]
  ignore line: [	compiled by GNU C version 9.2.1 20191109  GMP version 6.1.2  MPFR version 4.0.2  MPC version 1.1.0  isl version isl-0.21-GMP]
  ignore line: []
  ignore line: [GGC heuristics: --param ggc-min-expand=100 --param ggc-min-heapsize=131072]
  ignore line: [ignoring nonexistent directory "/usr/local/include/x86_64-linux-gnu"]
  ignore line: [ignoring nonexistent directory "/usr/lib/gcc/x86_64-linux-gnu/9/../../../../x86_64-linux-gnu/include"]
  ignore line: [#include "..." search starts here:]
  ignore line: [#include <...> search starts here:]
  ignore line: [ /usr/lib/gcc/x86_64-linux-gnu/9/include]
  ignore line: [ /usr/local/include]
  ignore line: [ /usr/lib/gcc/x86_64-linux-gnu/9/include-fixed]
  ignore line: [ /usr/include/x86_64-linux-gnu]
  ignore line: [ /usr/include]
  ignore line: [End of search list.]
  ignore line: [GNU C17 (Debian 9.2.1-19) version 9.2.1 20191109 (x86_64-linux-gnu)]
  ignore line: [	compiled by GNU C version 9.2.1 20191109  GMP version 6.1.2  MPFR version 4.0.2  MPC version 1.1.0  isl version isl-0.21-GMP]
  ignore line: []
  ignore line: [GGC heuristics: --param ggc-min-expand=100 --param ggc-min-heapsize=131072]
  ignore line: [Compiler executable checksum: 82a550e49161fce4f50c55b36bec380f]
  ignore line: [COLLECT_GCC_OPTIONS='-v' '-o' 'CMakeFiles/cmTC_c1d0a.dir/CMakeCCompilerABI.c.o' '-c' '-mtune=generic' '-march=x86-64']
  ignore line: [ as -v --64 -o CMakeFiles/cmTC_c1d0a.dir/CMakeCCompilerABI.c.o /tmp/ccOo8MGV.s]
  ignore line: [GNU assembler version 2.33.1 (x86_64-linux-gnu) using BFD version (GNU Binutils for Debian) 2.33.1]
  ignore line: [COMPILER_PATH=/usr/lib/gcc/x86_64-linux-gnu/9/:/usr/lib/gcc/x86_64-linux-gnu/9/:/usr/lib/gcc/x86_64-linux-gnu/:/usr/lib/gcc/x86_64-linux-gnu/9/:/usr/lib/gcc/x86_64-linux-gnu/]
  ignore line: [LIBRARY_PATH=/usr/lib/gcc/x86_64-linux-gnu/9/:/usr/lib/gcc/x86_64-linux-gnu/9/../../../x86_64-linux-gnu/:/usr/lib/gcc/x86_64-linux-gnu/9/../../../../lib/:/lib/x86_64-linux-gnu/:/lib/../lib/:/usr/lib/x86_64-linux-gnu/:/usr/lib/../lib/:/usr/lib/gcc/x86_64-linux-gnu/9/../../../:/lib/:/usr/lib/]
  ignore line: [COLLECT_GCC_OPTIONS='-v' '-o' 'CMakeFiles/cmTC_c1d0a.dir/CMakeCCompilerABI.c.o' '-c' '-mtune=generic' '-march=x86-64']
  ignore line: [Linking C executable cmTC_c1d0a]
  ignore line: [/usr/bin/cmake -E cmake_link_script CMakeFiles/cmTC_c1d0a.dir/link.txt --verbose=1]
  ignore line: [/usr/bin/cc     -v -rdynamic CMakeFiles/cmTC_c1d0a.dir/CMakeCCompilerABI.c.o  -o cmTC_c1d0a ]
  ignore line: [Using built-in specs.]
  ignore line: [COLLECT_GCC=/usr/bin/cc]
  ignore line: [COLLECT_LTO_WRAPPER=/usr/lib/gcc/x86_64-linux-gnu/9/lto-wrapper]
  ignore line: [OFFLOAD_TARGET_NAMES=nvptx-none:hsa]
  ignore line: [OFFLOAD_TARGET_DEFAULT=1]
  ignore line: [Target: x86_64-linux-gnu]
  ignore line: [Configured with: ../src/configure -v --with-pkgversion='Debian 9.2.1-19' --with-bugurl=file:///usr/share/doc/gcc-9/README.Bugs --enable-languages=c ada c++ go brig d fortran objc obj-c++ gm2 --prefix=/usr --with-gcc-major-version-only --program-suffix=-9 --program-prefix=x86_64-linux-gnu- --enable-shared --enable-linker-build-id --libexecdir=/usr/lib --without-included-gettext --enable-threads=posix --libdir=/usr/lib --enable-nls --enable-bootstrap --enable-clocale=gnu --enable-libstdcxx-debug --enable-libstdcxx-time=yes --with-default-libstdcxx-abi=new --enable-gnu-unique-object --disable-vtable-verify --enable-plugin --enable-default-pie --with-system-zlib --with-target-system-zlib=auto --enable-objc-gc=auto --enable-multiarch --disable-werror --with-arch-32=i686 --with-abi=m64 --with-multilib-list=m32 m64 mx32 --enable-multilib --with-tune=generic --enable-offload-targets=nvptx-none hsa --without-cuda-driver --enable-checking=release --build=x86_64-linux-gnu --host=x86_64-linux-gnu --target=x86_64-linux-gnu]
  ignore line: [Thread model: posix]
  ignore line: [gcc version 9.2.1 20191109 (Debian 9.2.1-19) ]
  ignore line: [COMPILER_PATH=/usr/lib/gcc/x86_64-linux-gnu/9/:/usr/lib/gcc/x86_64-linux-gnu/9/:/usr/lib/gcc/x86_64-linux-gnu/:/usr/lib/gcc/x86_64-linux-gnu/9/:/usr/lib/gcc/x86_64-linux-gnu/]
  ignore line: [LIBRARY_PATH=/usr/lib/gcc/x86_64-linux-gnu/9/:/usr/lib/gcc/x86_64-linux-gnu/9/../../../x86_64-linux-gnu/:/usr/lib/gcc/x86_64-linux-gnu/9/../../../../lib/:/lib/x86_64-linux-gnu/:/lib/../lib/:/usr/lib/x86_64-linux-gnu/:/usr/lib/../lib/:/usr/lib/gcc/x86_64-linux-gnu/9/../../../:/lib/:/usr/lib/]
  ignore line: [COLLECT_GCC_OPTIONS='-v' '-rdynamic' '-o' 'cmTC_c1d0a' '-mtune=generic' '-march=x86-64']
  link line: [ /usr/lib/gcc/x86_64-linux-gnu/9/collect2 -plugin /usr/lib/gcc/x86_64-linux-gnu/9/liblto_plugin.so -plugin-opt=/usr/lib/gcc/x86_64-linux-gnu/9/lto-wrapper -plugin-opt=-fresolution=/tmp/ccCaSIcn.res -plugin-opt=-pass-through=-lgcc -plugin-opt=-pass-through=-lgcc_s -plugin-opt=-pass-through=-lc -plugin-opt=-pass-through=-lgcc -plugin-opt=-pass-through=-lgcc_s --build-id --eh-frame-hdr -m elf_x86_64 --hash-style=gnu --as-needed -export-dynamic -dynamic-linker /lib64/ld-linux-x86-64.so.2 -pie -o cmTC_c1d0a /usr/lib/gcc/x86_64-linux-gnu/9/../../../x86_64-linux-gnu/Scrt1.o /usr/lib/gcc/x86_64-linux-gnu/9/../../../x86_64-linux-gnu/crti.o /usr/lib/gcc/x86_64-linux-gnu/9/crtbeginS.o -L/usr/lib/gcc/x86_64-linux-gnu/9 -L/usr/lib/gcc/x86_64-linux-gnu/9/../../../x86_64-linux-gnu -L/usr/lib/gcc/x86_64-linux-gnu/9/../../../../lib -L/lib/x86_64-linux-gnu -L/lib/../lib -L/usr/lib/x86_64-linux-gnu -L/usr/lib/../lib -L/usr/lib/gcc/x86_64-linux-gnu/9/../../.. CMakeFiles/cmTC_c1d0a.dir/CMakeCCompilerABI.c.o -lgcc --push-state --as-needed -lgcc_s --pop-state -lc -lgcc --push-state --as-needed -lgcc_s --pop-state /usr/lib/gcc/x86_64-linux-gnu/9/crtendS.o /usr/lib/gcc/x86_64-linux-gnu/9/../../../x86_64-linux-gnu/crtn.o]
    arg [/usr/lib/gcc/x86_64-linux-gnu/9/collect2] ==> ignore
    arg [-plugin] ==> ignore
    arg [/usr/lib/gcc/x86_64-linux-gnu/9/liblto_plugin.so] ==> ignore
    arg [-plugin-opt=/usr/lib/gcc/x86_64-linux-gnu/9/lto-wrapper] ==> ignore
    arg [-plugin-opt=-fresolution=/tmp/ccCaSIcn.res] ==> ignore
    arg [-plugin-opt=-pass-through=-lgcc] ==> ignore
    arg [-plugin-opt=-pass-through=-lgcc_s] ==> ignore
    arg [-plugin-opt=-pass-through=-lc] ==> ignore
    arg [-plugin-opt=-pass-through=-lgcc] ==> ignore
    arg [-plugin-opt=-pass-through=-lgcc_s] ==> ignore
    arg [--build-id] ==> ignore
    arg [--eh-frame-hdr] ==> ignore
    arg [-m] ==> ignore
    arg [elf_x86_64] ==> ignore
    arg [--hash-style=gnu] ==> ignore
    arg [--as-needed] ==> ignore
    arg [-export-dynamic] ==> ignore
    arg [-dynamic-linker] ==> ignore
    arg [/lib64/ld-linux-x86-64.so.2] ==> ignore
    arg [-pie] ==> ignore
    arg [-o] ==> ignore
    arg [cmTC_c1d0a] ==> ignore
    arg [/usr/lib/gcc/x86_64-linux-gnu/9/../../../x86_64-linux-gnu/Scrt1.o] ==> ignore
    arg [/usr/lib/gcc/x86_64-linux-gnu/9/../../../x86_64-linux-gnu/crti.o] ==> ignore
    arg [/usr/lib/gcc/x86_64-linux-gnu/9/crtbeginS.o] ==> ignore
    arg [-L/usr/lib/gcc/x86_64-linux-gnu/9] ==> dir [/usr/lib/gcc/x86_64-linux-gnu/9]
    arg [-L/usr/lib/gcc/x86_64-linux-gnu/9/../../../x86_64-linux-gnu] ==> dir [/usr/lib/gcc/x86_64-linux-gnu/9/../../../x86_64-linux-gnu]
    arg [-L/usr/lib/gcc/x86_64-linux-gnu/9/../../../../lib] ==> dir [/usr/lib/gcc/x86_64-linux-gnu/9/../../../../lib]
    arg [-L/lib/x86_64-linux-gnu] ==> dir [/lib/x86_64-linux-gnu]
    arg [-L/lib/../lib] ==> dir [/lib/../lib]
    arg [-L/usr/lib/x86_64-linux-gnu] ==> dir [/usr/lib/x86_64-linux-gnu]
    arg [-L/usr/lib/../lib] ==> dir [/usr/lib/../lib]
    arg [-L/usr/lib/gcc/x86_64-linux-gnu/9/../../..] ==> dir [/usr/lib/gcc/x86_64-linux-gnu/9/../../..]
    arg [CMakeFiles/cmTC_c1d0a.dir/CMakeCCompilerABI.c.o] ==> ignore
    arg [-lgcc] ==> lib [gcc]
    arg [--push-state] ==> ignore
    arg [--as-needed] ==> ignore
    arg [-lgcc_s] ==> lib [gcc_s]
    arg [--pop-state] ==> ignore
    arg [-lc] ==> lib [c]
    arg [-lgcc] ==> lib [gcc]
    arg [--push-state] ==> ignore
    arg [--as-needed] ==> ignore
    arg [-lgcc_s] ==> lib [gcc_s]
    arg [--pop-state] ==> ignore
    arg [/usr/lib/gcc/x86_64-linux-gnu/9/crtendS.o] ==> ignore
    arg [/usr/lib/gcc/x86_64-linux-gnu/9/../../../x86_64-linux-gnu/crtn.o] ==> ignore
  collapse library dir [/usr/lib/gcc/x86_64-linux-gnu/9] ==> [/usr/lib/gcc/x86_64-linux-gnu/9]
  collapse library dir [/usr/lib/gcc/x86_64-linux-gnu/9/../../../x86_64-linux-gnu] ==> [/usr/lib/x86_64-linux-gnu]
  collapse library dir [/usr/lib/gcc/x86_64-linux-gnu/9/../../../../lib] ==> [/usr/lib]
  collapse library dir [/lib/x86_64-linux-gnu] ==> [/lib/x86_64-linux-gnu]
  collapse library dir [/lib/../lib] ==> [/lib]
  collapse library dir [/usr/lib/x86_64-linux-gnu] ==> [/usr/lib/x86_64-linux-gnu]
  collapse library dir [/usr/lib/../lib] ==> [/usr/lib]
  collapse library dir [/usr/lib/gcc/x86_64-linux-gnu/9/../../..] ==> [/usr/lib]
  implicit libs: [gcc;gcc_s;c;gcc;gcc_s]
  implicit dirs: [/usr/lib/gcc/x86_64-linux-gnu/9;/usr/lib/x86_64-linux-gnu;/usr/lib;/lib/x86_64-linux-gnu;/lib]
  implicit fwks: []


Performing C SOURCE FILE Test HAVE_TM_GMTOFF succeeded with the following output:
Change Dir: /mnt/d/Github/jerryscript/example_build/CMakeFiles/CMakeTmp

Run Build Command(s):/usr/bin/make cmTC_d1740/fast && /usr/bin/make -f CMakeFiles/cmTC_d1740.dir/build.make CMakeFiles/cmTC_d1740.dir/build
make[1]: Entering directory '/mnt/d/Github/jerryscript/example_build/CMakeFiles/CMakeTmp'
Building C object CMakeFiles/cmTC_d1740.dir/src.c.o
/usr/bin/cc   -flto -fno-fat-lto-objects -std=c99 -pedantic -fno-builtin -fno-stack-protector -Wall -Werror=all -Wextra -Werror=extra -Wformat-nonliteral -Werror=format-nonliteral -Winit-self -Werror=init-self -Wconversion -Werror=conversion -Wsign-conversion -Werror=sign-conversion -Wformat-security -Werror=format-security -Wmissing-declarations -Werror=missing-declarations -Wshadow -Werror=shadow -Wstrict-prototypes -Werror=strict-prototypes -Wundef -Werror=undef -Wold-style-definition -Werror=old-style-definition -Wno-stack-protector -Wno-attributes -Werror -Wlogical-op -Werror=logical-op -Wno-implicit-fallthrough -DHAVE_TM_GMTOFF -Wno-error=strict-prototypes -Wno-error=old-style-definition -Wno-error=unused-value   -D_BSD_SOURCE -D_DEFAULT_SOURCE -o CMakeFiles/cmTC_d1740.dir/src.c.o   -c /mnt/d/Github/jerryscript/example_build/CMakeFiles/CMakeTmp/src.c
/mnt/d/Github/jerryscript/example_build/CMakeFiles/CMakeTmp/src.c:4:5: warning: function declaration isn’t a prototype [-Wstrict-prototypes]
    4 | int main()
      |     ^~~~
/mnt/d/Github/jerryscript/example_build/CMakeFiles/CMakeTmp/src.c: In function ‘main’:
/mnt/d/Github/jerryscript/example_build/CMakeFiles/CMakeTmp/src.c:4:5: warning: old-style function definition [-Wold-style-definition]
Linking C executable cmTC_d1740
/usr/bin/cmake -E cmake_link_script CMakeFiles/cmTC_d1740.dir/link.txt --verbose=1
/usr/bin/cc  -flto -fno-fat-lto-objects -std=c99 -pedantic -fno-builtin -fno-stack-protector -Wall -Werror=all -Wextra -Werror=extra -Wformat-nonliteral -Werror=format-nonliteral -Winit-self -Werror=init-self -Wconversion -Werror=conversion -Wsign-conversion -Werror=sign-conversion -Wformat-security -Werror=format-security -Wmissing-declarations -Werror=missing-declarations -Wshadow -Werror=shadow -Wstrict-prototypes -Werror=strict-prototypes -Wundef -Werror=undef -Wold-style-definition -Werror=old-style-definition -Wno-stack-protector -Wno-attributes -Werror -Wlogical-op -Werror=logical-op -Wno-implicit-fallthrough -DHAVE_TM_GMTOFF -Wno-error=strict-prototypes -Wno-error=old-style-definition -Wno-error=unused-value    -rdynamic CMakeFiles/cmTC_d1740.dir/src.c.o  -o cmTC_d1740 
make[1]: Leaving directory '/mnt/d/Github/jerryscript/example_build/CMakeFiles/CMakeTmp'


Source file was:

#include <time.h>

int main()
{
  (void)sizeof(((struct tm *)0)->tm_gmtoff);
  return 0;
}

Determining if files time.h exist passed with the following output:
Change Dir: /mnt/d/Github/jerryscript/example_build/CMakeFiles/CMakeTmp

Run Build Command(s):/usr/bin/make cmTC_1bd4b/fast && /usr/bin/make -f CMakeFiles/cmTC_1bd4b.dir/build.make CMakeFiles/cmTC_1bd4b.dir/build
make[1]: Entering directory '/mnt/d/Github/jerryscript/example_build/CMakeFiles/CMakeTmp'
Building C object CMakeFiles/cmTC_1bd4b.dir/HAVE_TIME_H.c.o
/usr/bin/cc   -flto -fno-fat-lto-objects -std=c99 -pedantic -fno-builtin -fno-stack-protector -Wall -Werror=all -Wextra -Werror=extra -Wformat-nonliteral -Werror=format-nonliteral -Winit-self -Werror=init-self -Wconversion -Werror=conversion -Wsign-conversion -Werror=sign-conversion -Wformat-security -Werror=format-security -Wmissing-declarations -Werror=missing-declarations -Wshadow -Werror=shadow -Wstrict-prototypes -Werror=strict-prototypes -Wundef -Werror=undef -Wold-style-definition -Werror=old-style-definition -Wno-stack-protector -Wno-attributes -Werror -Wlogical-op -Werror=logical-op -Wno-implicit-fallthrough -Wno-error=strict-prototypes -Wno-error=old-style-definition -Wno-error=unused-value   -D_BSD_SOURCE -D_DEFAULT_SOURCE -o CMakeFiles/cmTC_1bd4b.dir/HAVE_TIME_H.c.o   -c /mnt/d/Github/jerryscript/example_build/CMakeFiles/CheckIncludeFiles/HAVE_TIME_H.c
Linking C executable cmTC_1bd4b
/usr/bin/cmake -E cmake_link_script CMakeFiles/cmTC_1bd4b.dir/link.txt --verbose=1
/usr/bin/cc  -flto -fno-fat-lto-objects -std=c99 -pedantic -fno-builtin -fno-stack-protector -Wall -Werror=all -Wextra -Werror=extra -Wformat-nonliteral -Werror=format-nonliteral -Winit-self -Werror=init-self -Wconversion -Werror=conversion -Wsign-conversion -Werror=sign-conversion -Wformat-security -Werror=format-security -Wmissing-declarations -Werror=missing-declarations -Wshadow -Werror=shadow -Wstrict-prototypes -Werror=strict-prototypes -Wundef -Werror=undef -Wold-style-definition -Werror=old-style-definition -Wno-stack-protector -Wno-attributes -Werror -Wlogical-op -Werror=logical-op -Wno-implicit-fallthrough -Wno-error=strict-prototypes -Wno-error=old-style-definition -Wno-error=unused-value    -rdynamic CMakeFiles/cmTC_1bd4b.dir/HAVE_TIME_H.c.o  -o cmTC_1bd4b 
make[1]: Leaving directory '/mnt/d/Github/jerryscript/example_build/CMakeFiles/CMakeTmp'



Determining if files unistd.h exist passed with the following output:
Change Dir: /mnt/d/Github/jerryscript/example_build/CMakeFiles/CMakeTmp

Run Build Command(s):/usr/bin/make cmTC_658f9/fast && /usr/bin/make -f CMakeFiles/cmTC_658f9.dir/build.make CMakeFiles/cmTC_658f9.dir/build
make[1]: Entering directory '/mnt/d/Github/jerryscript/example_build/CMakeFiles/CMakeTmp'
Building C object CMakeFiles/cmTC_658f9.dir/HAVE_UNISTD_H.c.o
/usr/bin/cc   -flto -fno-fat-lto-objects -std=c99 -pedantic -fno-builtin -fno-stack-protector -Wall -Werror=all -Wextra -Werror=extra -Wformat-nonliteral -Werror=format-nonliteral -Winit-self -Werror=init-self -Wconversion -Werror=conversion -Wsign-conversion -Werror=sign-conversion -Wformat-security -Werror=format-security -Wmissing-declarations -Werror=missing-declarations -Wshadow -Werror=shadow -Wstrict-prototypes -Werror=strict-prototypes -Wundef -Werror=undef -Wold-style-definition -Werror=old-style-definition -Wno-stack-protector -Wno-attributes -Werror -Wlogical-op -Werror=logical-op -Wno-implicit-fallthrough -Wno-error=strict-prototypes -Wno-error=old-style-definition -Wno-error=unused-value   -D_BSD_SOURCE -D_DEFAULT_SOURCE -o CMakeFiles/cmTC_658f9.dir/HAVE_UNISTD_H.c.o   -c /mnt/d/Github/jerryscript/example_build/CMakeFiles/CheckIncludeFiles/HAVE_UNISTD_H.c
Linking C executable cmTC_658f9
/usr/bin/cmake -E cmake_link_script CMakeFiles/cmTC_658f9.dir/link.txt --verbose=1
/usr/bin/cc  -flto -fno-fat-lto-objects -std=c99 -pedantic -fno-builtin -fno-stack-protector -Wall -Werror=all -Wextra -Werror=extra -Wformat-nonliteral -Werror=format-nonliteral -Winit-self -Werror=init-self -Wconversion -Werror=conversion -Wsign-conversion -Werror=sign-conversion -Wformat-security -Werror=format-security -Wmissing-declarations -Werror=missing-declarations -Wshadow -Werror=shadow -Wstrict-prototypes -Werror=strict-prototypes -Wundef -Werror=undef -Wold-style-definition -Werror=old-style-definition -Wno-stack-protector -Wno-attributes -Werror -Wlogical-op -Werror=logical-op -Wno-implicit-fallthrough -Wno-error=strict-prototypes -Wno-error=old-style-definition -Wno-error=unused-value    -rdynamic CMakeFiles/cmTC_658f9.dir/HAVE_UNISTD_H.c.o  -o cmTC_658f9 
make[1]: Leaving directory '/mnt/d/Github/jerryscript/example_build/CMakeFiles/CMakeTmp'



